<?xml version="1.0" encoding="UTF-8"?>
<testsuite name="kr.ac.jejunu.user.LombokTests" tests="1" skipped="0" failures="0" errors="0" timestamp="2020-05-22T14:17:51" hostname="DESKTOP-BB8RQQD" time="0.045">
  <properties/>
  <testcase name="equals()" classname="kr.ac.jejunu.user.LombokTests" time="0.045"/>
  <system-out><![CDATA[]]></system-out>
  <system-err><![CDATA[]]></system-err>
</testsuite>
