<?xml version="1.0" encoding="UTF-8"?>
<testsuite name="kr.ac.jejunu.user.userDaoTests" tests="4" skipped="0" failures="0" errors="0" timestamp="2020-04-24T13:45:40" hostname="DESKTOP-BB8RQQD" time="2.279">
  <properties/>
  <testcase name="insert()" classname="kr.ac.jejunu.user.userDaoTests" time="1.891"/>
  <testcase name="insertHalla()" classname="kr.ac.jejunu.user.userDaoTests" time="0.244"/>
  <testcase name="get()" classname="kr.ac.jejunu.user.userDaoTests" time="0.08"/>
  <testcase name="getHalla()" classname="kr.ac.jejunu.user.userDaoTests" time="0.058"/>
  <system-out><![CDATA[]]></system-out>
  <system-err><![CDATA[]]></system-err>
</testsuite>
