<?xml version="1.0" encoding="UTF-8"?>
<testsuite name="kr.ac.jejunu.user.userDaoTests" tests="4" skipped="0" failures="0" errors="0" timestamp="2020-05-01T03:03:21" hostname="DESKTOP-BB8RQQD" time="2.728">
  <properties/>
  <testcase name="delete()" classname="kr.ac.jejunu.user.userDaoTests" time="2.307"/>
  <testcase name="insert()" classname="kr.ac.jejunu.user.userDaoTests" time="0.136"/>
  <testcase name="update()" classname="kr.ac.jejunu.user.userDaoTests" time="0.231"/>
  <testcase name="get()" classname="kr.ac.jejunu.user.userDaoTests" time="0.047"/>
  <system-out><![CDATA[]]></system-out>
  <system-err><![CDATA[]]></system-err>
</testsuite>
