<?xml version="1.0" encoding="UTF-8"?>
<testsuite name="kr.ac.jejunu.user.userDaoTests" tests="4" skipped="0" failures="0" errors="0" timestamp="2020-04-24T15:17:39" hostname="DESKTOP-BB8RQQD" time="1.854">
  <properties/>
  <testcase name="delete()" classname="kr.ac.jejunu.user.userDaoTests" time="1.469"/>
  <testcase name="insert()" classname="kr.ac.jejunu.user.userDaoTests" time="0.175"/>
  <testcase name="update()" classname="kr.ac.jejunu.user.userDaoTests" time="0.154"/>
  <testcase name="get()" classname="kr.ac.jejunu.user.userDaoTests" time="0.049"/>
  <system-out><![CDATA[]]></system-out>
  <system-err><![CDATA[]]></system-err>
</testsuite>
