<?xml version="1.0" encoding="UTF-8"?>
<testsuite name="kr.ac.jejunu.user.userDaoTests" tests="2" skipped="0" failures="0" errors="0" timestamp="2020-04-24T14:44:11" hostname="DESKTOP-BB8RQQD" time="1.718">
  <properties/>
  <testcase name="insert()" classname="kr.ac.jejunu.user.userDaoTests" time="1.654"/>
  <testcase name="get()" classname="kr.ac.jejunu.user.userDaoTests" time="0.062"/>
  <system-out><![CDATA[]]></system-out>
  <system-err><![CDATA[]]></system-err>
</testsuite>
