<?xml version="1.0" encoding="UTF-8"?>
<testsuite name="kr.ac.jejunu.user.userDaoTests" tests="4" skipped="0" failures="0" errors="0" timestamp="2020-05-01T01:42:24" hostname="DESKTOP-BB8RQQD" time="3.526">
  <properties/>
  <testcase name="delete()" classname="kr.ac.jejunu.user.userDaoTests" time="2.946"/>
  <testcase name="insert()" classname="kr.ac.jejunu.user.userDaoTests" time="0.265"/>
  <testcase name="update()" classname="kr.ac.jejunu.user.userDaoTests" time="0.249"/>
  <testcase name="get()" classname="kr.ac.jejunu.user.userDaoTests" time="0.055"/>
  <system-out><![CDATA[]]></system-out>
  <system-err><![CDATA[]]></system-err>
</testsuite>
