<?xml version="1.0" encoding="UTF-8"?>
<testsuite name="kr.ac.jejunu.user.userDaoTests" tests="2" skipped="0" failures="0" errors="0" timestamp="2020-04-17T12:09:24" hostname="DESKTOP-BB8RQQD" time="2.006">
  <properties/>
  <testcase name="insert()" classname="kr.ac.jejunu.user.userDaoTests" time="1.921"/>
  <testcase name="get()" classname="kr.ac.jejunu.user.userDaoTests" time="0.081"/>
  <system-out><![CDATA[]]></system-out>
  <system-err><![CDATA[]]></system-err>
</testsuite>
