<?xml version="1.0" encoding="UTF-8"?>
<testsuite name="kr.ac.jejunu.user.userDaoTests" tests="4" skipped="0" failures="0" errors="0" timestamp="2020-05-01T04:07:15" hostname="DESKTOP-BB8RQQD" time="1.629">
  <properties/>
  <testcase name="delete()" classname="kr.ac.jejunu.user.userDaoTests" time="1.366"/>
  <testcase name="insert()" classname="kr.ac.jejunu.user.userDaoTests" time="0.088"/>
  <testcase name="update()" classname="kr.ac.jejunu.user.userDaoTests" time="0.14"/>
  <testcase name="get()" classname="kr.ac.jejunu.user.userDaoTests" time="0.031"/>
  <system-out><![CDATA[]]></system-out>
  <system-err><![CDATA[]]></system-err>
</testsuite>
