<?xml version="1.0" encoding="UTF-8"?>
<testsuite name="kr.ac.jejunu.user.userDaoTests" tests="4" skipped="0" failures="0" errors="0" timestamp="2020-05-29T09:12:15" hostname="DESKTOP-BB8RQQD" time="2.99">
  <properties/>
  <testcase name="delete()" classname="kr.ac.jejunu.user.userDaoTests" time="2.083"/>
  <testcase name="insert()" classname="kr.ac.jejunu.user.userDaoTests" time="0.385"/>
  <testcase name="update()" classname="kr.ac.jejunu.user.userDaoTests" time="0.461"/>
  <testcase name="get()" classname="kr.ac.jejunu.user.userDaoTests" time="0.056"/>
  <system-out><![CDATA[]]></system-out>
  <system-err><![CDATA[]]></system-err>
</testsuite>
