<?xml version="1.0" encoding="UTF-8"?>
<testsuite name="kr.ac.jejunu.user.userDaoTests" tests="4" skipped="0" failures="0" errors="0" timestamp="2020-05-01T02:50:40" hostname="DESKTOP-BB8RQQD" time="2.026">
  <properties/>
  <testcase name="delete()" classname="kr.ac.jejunu.user.userDaoTests" time="1.49"/>
  <testcase name="insert()" classname="kr.ac.jejunu.user.userDaoTests" time="0.271"/>
  <testcase name="update()" classname="kr.ac.jejunu.user.userDaoTests" time="0.21"/>
  <testcase name="get()" classname="kr.ac.jejunu.user.userDaoTests" time="0.05"/>
  <system-out><![CDATA[]]></system-out>
  <system-err><![CDATA[]]></system-err>
</testsuite>
