<?xml version="1.0" encoding="UTF-8"?>
<testsuite name="kr.ac.jejunu.user.userDaoTests" tests="4" skipped="0" failures="0" errors="0" timestamp="2020-04-17T14:12:43" hostname="DESKTOP-BB8RQQD" time="1.445">
  <properties/>
  <testcase name="insert()" classname="kr.ac.jejunu.user.userDaoTests" time="1.209"/>
  <testcase name="insertHalla()" classname="kr.ac.jejunu.user.userDaoTests" time="0.132"/>
  <testcase name="get()" classname="kr.ac.jejunu.user.userDaoTests" time="0.051"/>
  <testcase name="getHalla()" classname="kr.ac.jejunu.user.userDaoTests" time="0.05"/>
  <system-out><![CDATA[]]></system-out>
  <system-err><![CDATA[]]></system-err>
</testsuite>
